TN:
SF:components/class/example1.js
FN:8,(anonymous_0)
FN:12,(anonymous_1)
FNF:2
FNH:2
FNDA:3,(anonymous_0)
FNDA:6,(anonymous_1)
DA:4,4
DA:9,3
DA:13,6
DA:15,6
LF:4
LH:4
BRF:0
BRH:0
end_of_record
TN:
SF:components/class/example2.js
FN:4,(anonymous_0)
FN:17,(anonymous_1)
FN:21,(anonymous_2)
FN:25,(anonymous_3)
FN:29,(anonymous_4)
FNF:5
FNH:5
FNDA:7,(anonymous_0)
FNDA:5,(anonymous_1)
FNDA:4,(anonymous_2)
FNDA:4,(anonymous_3)
FNDA:11,(anonymous_4)
DA:5,7
DA:10,7
DA:13,7
DA:18,5
DA:21,7
DA:22,4
DA:26,4
DA:30,11
DA:32,11
LF:9
LH:9
BRF:0
BRH:0
end_of_record
TN:
SF:components/getInitialProps/index.js
FN:4,(anonymous_0)
FN:12,(anonymous_1)
FNF:2
FNH:2
FNDA:2,(anonymous_0)
FNDA:1,(anonymous_1)
DA:5,2
DA:6,1
DA:9,1
DA:13,1
LF:4
LH:4
BRDA:5,0,0,1
BRDA:5,0,1,1
BRF:2
BRH:2
end_of_record
TN:
SF:components/hooks/useEffect.js
FN:3,Example
FN:6,(anonymous_1)
FNF:2
FNH:2
FNDA:3,Example
FNDA:1,(anonymous_1)
DA:4,3
DA:6,3
DA:7,1
DA:10,3
LF:4
LH:4
BRF:0
BRH:0
end_of_record
TN:
SF:components/hooks/useEffect2.js
FN:3,(anonymous_0)
FN:7,Example
FN:9,(anonymous_2)
FN:9,(anonymous_3)
FN:11,(anonymous_4)
FNF:5
FNH:5
FNDA:2,(anonymous_0)
FNDA:2,Example
FNDA:1,(anonymous_2)
FNDA:1,(anonymous_3)
FNDA:2,(anonymous_4)
DA:3,1
DA:4,2
DA:8,2
DA:9,2
DA:11,2
DA:12,2
DA:15,2
LF:7
LH:7
BRF:0
BRH:0
end_of_record
